<testsuites id="" name="" tests="1" failures="1" skipped="0" errors="0" time="3.622699999988079">
<testsuite name="mytest.spec.js" timestamp="2023-08-02T18:22:22.328Z" hostname="firefox" tests="1" failures="1" skipped="0" time="0.436" errors="0">
<testcase name="should fail now" classname="mytest.spec.js" time="0.436">
<failure message="mytest.spec.js:3:1 should fail now" type="FAILURE">
<![CDATA[  [firefox] › mytest.spec.js:3:1 › should fail now ─────────────────────────────────────────────────

    Error: page.goto: url: expected string, got undefined

      4 |   console.log("start test2");
      5 |   const reactAppServerURL = process.env.REACT_APP_SERVER_URL;
    > 6 |   await page.goto(reactAppServerURL);
        |              ^
      7 |   await expect(page).toHaveTitle("No title");
      8 |   await expect(page).toHaveURL(/.*checkout/);
      9 | });

        at /Users/un/Desktop/Projects/Mohammed/m_react/m_pw/tests/mytest.spec.js:6:14
]]>
</failure>
<system-out>
<![CDATA[start test2
]]>
</system-out>
</testcase>
</testsuite>
</testsuites>